SF:lib/src/widgets/chat/ds_delivery_report_icon.widget.dart
DA:10,1
DA:13,1
DA:15,1
DA:17,1
DA:20,1
DA:23,1
DA:24,1
DA:25,1
DA:26,1
DA:30,1
DA:31,1
DA:32,1
DA:36,1
DA:37,1
DA:46,1
DA:48,1
DA:49,1
DA:50,1
DA:58,1
DA:65,1
DA:66,1
LF:21
LH:21
end_of_record
SF:lib/src/widgets/chat/ds_file_message_bubble.widget.dart
DA:15,0
DA:22,0
DA:24,0
DA:26,0
DA:27,0
DA:28,0
DA:29,0
DA:31,0
DA:32,0
DA:34,0
DA:36,0
DA:37,0
DA:38,0
DA:46,0
DA:47,0
DA:50,0
DA:51,0
DA:55,0
DA:57,0
DA:58,0
DA:59,0
DA:62,0
DA:73,0
DA:74,0
DA:78,0
DA:79,0
DA:87,0
DA:89,0
DA:90,0
DA:91,0
DA:95,0
DA:96,0
LF:32
LH:0
end_of_record
SF:lib/src/widgets/chat/ds_unsupported_content_message_bubble.widget.dart
DA:10,0
DA:16,0
DA:18,0
DA:20,0
DA:21,0
DA:22,0
DA:23,0
DA:25,0
DA:26,0
DA:27,0
DA:28,0
DA:34,0
DA:36,0
DA:37,0
DA:39,0
LF:15
LH:0
end_of_record
SF:lib/src/utils/ds_linkify.util.dart
DA:8,1
DA:13,1
DA:14,1
DA:20,1
DA:25,1
DA:27,1
DA:28,1
DA:29,1
DA:30,1
DA:32,1
DA:33,1
DA:40,2
DA:41,1
DA:42,1
DA:43,1
DA:44,1
DA:49,0
DA:50,0
DA:54,0
DA:55,0
DA:56,0
DA:57,0
DA:58,0
DA:62,0
DA:80,0
DA:81,0
DA:88,0
DA:89,0
DA:90,0
DA:91,0
DA:96,0
DA:99,0
LF:32
LH:16
end_of_record
SF:lib/src/widgets/chat/ds_message_bubble.widget.dart
DA:10,0
DA:19,0
DA:21,0
DA:22,0
DA:28,0
DA:29,0
DA:31,0
DA:32,0
DA:34,0
DA:35,0
DA:36,0
DA:41,0
DA:42,0
DA:43,0
DA:44,0
DA:45,0
DA:48,0
DA:56,0
DA:58,0
DA:60,0
DA:61,0
DA:63,0
DA:66,0
DA:67,0
DA:68,0
DA:69,0
LF:26
LH:0
end_of_record
SF:lib/src/widgets/chat/ds_text_message_bubble.widget.dart
DA:11,0
DA:16,0
DA:18,0
DA:19,0
DA:30,0
DA:32,0
DA:33,0
DA:34,0
DA:38,0
DA:40,0
DA:41,0
DA:42,0
DA:44,0
DA:45,0
DA:50,0
DA:52,0
DA:54,0
DA:56,0
DA:60,0
DA:62,0
DA:63,0
DA:64,0
DA:69,0
DA:76,0
DA:77,0
DA:78,0
DA:80,0
DA:82,0
DA:83,0
DA:84,0
DA:87,0
DA:90,0
DA:92,0
DA:93,0
DA:94,0
DA:96,0
DA:97,0
DA:99,0
DA:103,0
DA:105,0
DA:115,0
DA:116,0
DA:118,0
DA:119,0
DA:120,0
DA:123,0
LF:46
LH:0
end_of_record
SF:lib/src/widgets/chat/ds_image_message_bubble.widget.dart
DA:17,0
DA:25,0
DA:27,0
DA:28,0
DA:30,0
DA:37,0
DA:38,0
DA:40,0
DA:41,0
DA:42,0
DA:43,0
DA:45,0
DA:47,0
DA:48,0
DA:50,0
DA:52,0
DA:53,0
DA:54,0
DA:56,0
DA:62,0
DA:63,0
DA:65,0
DA:66,0
DA:68,0
DA:69,0
DA:79,0
DA:80,0
DA:81,0
DA:82,0
DA:83,0
DA:86,0
DA:88,0
DA:89,0
DA:102,0
DA:104,0
DA:105,0
DA:106,0
DA:108,0
DA:110,0
DA:111,0
DA:112,0
DA:113,0
DA:114,0
DA:115,0
DA:119,0
DA:120,0
DA:121,0
DA:125,0
DA:128,0
DA:129,0
DA:133,0
DA:136,0
DA:138,0
DA:140,0
DA:141,0
DA:142,0
DA:143,0
DA:147,0
DA:151,0
DA:152,0
DA:153,0
LF:61
LH:0
end_of_record
SF:lib/src/widgets/chat/ds_url_preview.widget.dart
DA:18,0
DA:30,0
DA:32,0
DA:34,0
DA:35,0
DA:36,0
DA:37,0
DA:41,0
DA:43,0
DA:46,0
DA:47,0
DA:50,0
DA:52,0
DA:53,0
DA:54,0
DA:61,0
DA:62,0
DA:64,0
DA:65,0
DA:70,0
DA:71,0
DA:72,0
DA:73,0
DA:75,0
DA:76,0
DA:78,0
DA:79,0
DA:80,0
DA:81,0
DA:83,0
DA:84,0
DA:85,0
DA:92,0
DA:95,0
DA:102,0
DA:106,0
DA:107,0
DA:108,0
DA:110,0
DA:111,0
DA:112,0
DA:114,0
DA:117,0
DA:118,0
DA:120,0
LF:45
LH:0
end_of_record
SF:lib/src/widgets/chat/audio/ds_audio_message_bubble.widget.dart
DA:16,0
DA:21,0
DA:23,0
DA:24,0
DA:31,0
DA:33,0
DA:35,0
DA:38,0
DA:40,0
DA:41,0
DA:42,0
DA:45,0
DA:47,0
DA:48,0
DA:52,0
DA:54,0
DA:56,0
DA:57,0
DA:58,0
DA:60,0
DA:61,0
DA:62,0
DA:63,0
DA:64,0
DA:65,0
DA:67,0
DA:68,0
DA:69,0
DA:72,0
DA:83,0
DA:84,0
DA:85,0
DA:86,0
DA:87,0
DA:91,0
DA:92,0
DA:95,0
DA:96,0
DA:97,0
DA:98,0
DA:99,0
DA:100,0
DA:101,0
DA:102,0
DA:103,0
DA:104,0
DA:107,0
DA:108,0
DA:113,0
DA:114,0
DA:115,0
DA:116,0
DA:120,0
DA:121,0
DA:122,0
DA:123,0
DA:134,0
DA:135,0
DA:136,0
DA:137,0
DA:138,0
DA:139,0
DA:143,0
DA:144,0
DA:145,0
DA:146,0
DA:147,0
DA:148,0
DA:149,0
DA:150,0
LF:70
LH:0
end_of_record
SF:lib/src/widgets/animations/ds_animated_size.widget.dart
DA:7,2
DA:10,2
LF:2
LH:2
end_of_record
SF:lib/src/widgets/animations/ds_fading_circle_loading.widget.dart
DA:10,4
DA:14,1
DA:16,1
DA:18,1
DA:19,1
DA:20,1
LF:6
LH:6
end_of_record
SF:lib/src/widgets/animations/ds_ring_loading.widget.dart
DA:11,2
DA:16,2
DA:18,2
DA:20,2
DA:21,2
DA:22,2
DA:23,2
LF:7
LH:7
end_of_record
SF:lib/src/widgets/buttons/ds_primary_button.widget.dart
DA:10,1
DA:18,1
LF:2
LH:2
end_of_record
SF:lib/src/widgets/buttons/ds_secondary_button.widget.dart
DA:10,1
DA:18,1
LF:2
LH:2
end_of_record
SF:lib/src/widgets/buttons/ds_tertiary_button.widget.dart
DA:11,1
DA:19,1
LF:2
LH:2
end_of_record
SF:lib/src/widgets/texts/ds_body_text.widget.dart
DA:9,0
DA:20,0
DA:21,0
DA:29,0
DA:40,0
DA:41,0
LF:6
LH:0
end_of_record
SF:lib/src/widgets/texts/ds_headline_large_text.widget.dart
DA:9,0
DA:16,0
DA:20,0
DA:27,0
LF:4
LH:0
end_of_record
SF:lib/src/widgets/texts/ds_headline_small_text.widget.dart
DA:9,0
DA:17,0
DA:18,0
DA:23,0
DA:31,0
DA:32,0
LF:6
LH:0
end_of_record
SF:lib/src/widgets/texts/ds_caption_text.widget.dart
DA:9,0
DA:19,0
DA:20,0
DA:27,0
DA:37,0
DA:38,0
LF:6
LH:0
end_of_record
SF:lib/src/widgets/texts/ds_caption_small_text.widget.dart
DA:9,1
DA:18,1
DA:19,1
DA:25,0
DA:34,0
DA:35,0
LF:6
LH:3
end_of_record
SF:lib/src/widgets/texts/ds_button_text.widget.dart
DA:9,1
DA:15,1
DA:16,1
DA:22,0
DA:28,0
DA:29,0
LF:6
LH:3
end_of_record
SF:lib/src/widgets/utils/ds_cached_network_image_view.widget.dart
DA:23,0
DA:32,0
DA:34,0
DA:36,0
DA:37,0
DA:38,0
DA:39,0
DA:40,0
DA:41,0
DA:42,0
DA:43,0
DA:44,0
DA:45,0
DA:50,0
DA:51,0
DA:53,0
DA:54,0
DA:55,0
DA:58,0
DA:59,0
LF:20
LH:0
end_of_record
SF:lib/src/widgets/utils/ds_user_avatar.widget.dart
DA:10,0
DA:16,0
DA:18,0
DA:20,0
DA:21,0
DA:22,0
DA:23,0
DA:24,0
DA:25,0
DA:26,0
DA:27,0
DA:28,0
DA:29,0
LF:13
LH:0
end_of_record
SF:lib/src/widgets/utils/ds_group_card.widget.dart
DA:14,0
DA:20,0
DA:22,0
DA:23,0
DA:29,0
DA:31,0
DA:33,0
DA:34,0
DA:38,0
DA:39,0
DA:41,0
DA:44,0
DA:45,0
DA:46,0
DA:49,0
DA:51,0
DA:52,0
DA:53,0
DA:54,0
DA:55,0
DA:56,0
DA:61,0
DA:62,0
DA:65,0
DA:66,0
DA:67,0
DA:73,0
DA:74,0
DA:75,0
DA:77,0
DA:78,0
DA:79,0
DA:80,0
DA:86,0
DA:91,0
DA:92,0
DA:100,0
DA:101,0
DA:103,0
DA:104,0
DA:107,0
DA:108,0
DA:109,0
DA:110,0
DA:115,0
DA:116,0
DA:117,0
DA:118,0
DA:119,0
DA:120,0
DA:123,0
DA:124,0
DA:126,0
DA:128,0
DA:129,0
DA:130,0
DA:131,0
DA:132,0
DA:134,0
DA:136,0
DA:137,0
DA:138,0
DA:139,0
DA:140,0
DA:141,0
DA:145,0
DA:149,0
DA:153,0
DA:155,0
DA:156,0
DA:157,0
DA:158,0
DA:159,0
DA:163,0
DA:164,0
DA:165,0
DA:166,0
DA:167,0
DA:168,0
DA:169,0
DA:170,0
DA:175,0
DA:176,0
DA:177,0
DA:178,0
DA:179,0
DA:180,0
DA:187,0
DA:192,0
DA:193,0
DA:194,0
DA:196,0
DA:197,0
DA:199,0
DA:200,0
DA:205,0
DA:211,0
DA:212,0
DA:217,0
DA:223,0
DA:224,0
DA:228,0
LF:102
LH:0
end_of_record
SF:lib/src/widgets/utils/ds_header.widget.dart
DA:12,0
DA:19,0
DA:21,0
DA:23,0
DA:30,0
DA:32,0
DA:33,0
DA:37,0
DA:40,0
DA:41,0
DA:43,0
DA:44,0
DA:45,0
DA:50,0
DA:52,0
DA:54,0
DA:55,0
DA:56,0
DA:63,0
DA:64,0
DA:66,0
DA:68,0
DA:70,0
DA:71,0
DA:73,0
LF:25
LH:0
end_of_record
SF:lib/src/extensions/ds_border_radius.extension.dart
DA:6,0
DA:10,0
DA:19,0
DA:23,0
DA:24,0
DA:26,0
DA:27,0
DA:28,0
DA:29,0
DA:32,0
DA:35,0
DA:38,0
LF:12
LH:0
end_of_record
SF:lib/src/extensions/ds_delivery_report_status.extension.dart
DA:4,0
DA:5,0
DA:6,0
LF:3
LH:0
end_of_record
SF:lib/src/themes/texts/ds_text_theme.theme.dart
DA:13,0
DA:14,0
LF:2
LH:0
end_of_record
SF:lib/src/themes/texts/styles/ds_headline_large_text_style.theme.dart
DA:10,6
DA:11,0
LF:2
LH:1
end_of_record
SF:lib/src/themes/texts/styles/ds_headline_small_text_style.theme.dart
DA:10,3
DA:12,0
LF:2
LH:1
end_of_record
SF:lib/src/themes/texts/styles/ds_caption_small_text_style.theme.dart
DA:10,4
DA:13,1
LF:2
LH:2
end_of_record
SF:lib/src/themes/texts/styles/ds_body_text_style.theme.dart
DA:11,3
DA:16,0
LF:2
LH:1
end_of_record
SF:lib/src/themes/texts/styles/ds_button_text_style.theme.dart
DA:9,4
DA:11,1
LF:2
LH:2
end_of_record
SF:lib/src/themes/texts/styles/ds_caption_text_style.theme.dart
DA:7,3
DA:11,0
LF:2
LH:1
end_of_record
SF:lib/src/services/ds_dialog.service.dart
DA:16,0
DA:24,0
DA:25,0
DA:26,0
DA:29,0
DA:33,0
DA:34,0
DA:35,0
DA:37,0
DA:41,0
DA:43,0
DA:45,0
DA:52,0
DA:57,0
DA:58,0
DA:59,0
DA:64,0
DA:66,0
DA:74,0
DA:75,0
DA:77,0
DA:78,0
DA:84,0
DA:85,0
DA:87,0
DA:89,0
DA:90,0
DA:91,0
DA:92,0
DA:98,0
DA:106,0
DA:107,0
DA:108,0
DA:109,0
DA:110,0
DA:112,0
DA:114,0
DA:117,0
DA:118,0
DA:119,0
DA:125,0
DA:128,0
DA:129,0
DA:130,0
DA:131,0
DA:140,0
DA:141,0
DA:145,0
DA:146,0
DA:150,0
DA:151,0
LF:51
LH:0
end_of_record
SF:lib/src/models/ds_message_item.model.dart
DA:27,0
DA:36,0
DA:37,0
DA:38,0
DA:39,0
DA:40,0
DA:41,0
DA:42,0
DA:43,0
DA:46,0
DA:47,0
LF:11
LH:0
end_of_record
SF:lib/src/widgets/chat/typing/ds_typing_message_bubble.widget.dart
DA:10,3
DA:13,0
DA:15,0
DA:17,0
DA:18,0
DA:19,0
DA:20,0
LF:7
LH:1
end_of_record
SF:lib/src/widgets/chat/typing/ds_typing_dot_animation.widget.dart
DA:20,0
DA:28,0
DA:30,0
DA:31,0
DA:40,0
DA:42,0
DA:43,0
DA:46,0
DA:48,0
DA:49,0
DA:51,0
DA:54,0
DA:56,0
DA:58,0
DA:59,0
DA:60,0
DA:61,0
DA:62,0
DA:63,0
DA:64,0
DA:65,0
DA:66,0
DA:67,0
DA:68,0
DA:69,0
DA:70,0
DA:77,0
DA:82,0
DA:83,0
DA:84,0
DA:85,0
DA:86,0
DA:88,0
DA:91,0
DA:93,0
DA:94,0
DA:95,0
DA:97,0
DA:98,0
DA:99,0
DA:104,0
DA:105,0
DA:106,0
DA:107,0
DA:108,0
DA:109,0
DA:111,0
DA:112,0
DA:115,0
DA:116,0
DA:118,0
DA:119,0
DA:120,0
DA:125,0
LF:54
LH:0
end_of_record
SF:lib/src/widgets/switch/ds_switch_tile.widget.dart
DA:10,0
DA:18,0
DA:29,0
DA:31,0
DA:32,0
DA:33,0
DA:34,0
DA:35,0
DA:36,0
DA:37,0
DA:38,0
DA:39,0
DA:41,0
LF:13
LH:0
end_of_record
SF:lib/src/widgets/switch/ds_switch.widget.dart
DA:8,0
DA:13,0
DA:26,0
DA:28,0
DA:29,0
DA:30,0
DA:32,0
DA:35,0
DA:36,0
DA:37,0
DA:39,0
DA:40,0
DA:44,0
DA:47,0
DA:49,0
DA:50,0
DA:51,0
DA:66,0
DA:67,0
DA:68,0
DA:69,0
DA:70,0
DA:71,0
DA:73,0
LF:24
LH:0
end_of_record
SF:lib/src/widgets/radio/ds_radio.widget.dart
DA:36,0
DA:42,0
DA:49,0
DA:52,0
DA:53,0
DA:60,0
DA:61,0
DA:63,0
DA:67,0
DA:72,0
DA:74,0
DA:75,0
DA:76,0
DA:80,0
DA:82,0
DA:83,0
DA:86,0
DA:88,0
DA:90,0
DA:91,0
DA:93,0
DA:94,0
DA:96,0
DA:97,0
DA:98,0
DA:101,0
DA:102,0
DA:108,0
DA:109,0
DA:110,0
DA:111,0
DA:112,0
DA:114,0
DA:115,0
DA:117,0
DA:121,0
DA:123,0
DA:124,0
DA:126,0
DA:127,0
DA:128,0
DA:129,0
DA:130,0
DA:131,0
DA:134,0
DA:137,0
DA:142,0
DA:145,0
DA:146,0
DA:147,0
DA:148,0
DA:149,0
DA:150,0
DA:154,0
DA:158,0
DA:159,0
DA:160,0
DA:162,0
DA:163,0
DA:164,0
DA:165,0
DA:167,0
DA:168,0
DA:169,0
DA:170,0
DA:172,0
DA:174,0
DA:175,0
DA:176,0
DA:177,0
DA:179,0
DA:181,0
DA:182,0
DA:183,0
DA:184,0
DA:187,0
DA:189,0
DA:190,0
DA:191,0
DA:194,0
DA:196,0
DA:197,0
DA:198,0
DA:200,0
DA:202,0
DA:203,0
DA:204,0
DA:205,0
DA:208,0
DA:209,0
DA:210,0
DA:211,0
DA:212,0
DA:213,0
DA:214,0
DA:215,0
DA:216,0
DA:217,0
DA:218,0
DA:220,0
DA:221,0
DA:222,0
DA:223,0
DA:224,0
DA:237,0
DA:239,0
DA:241,0
DA:243,0
DA:245,0
DA:246,0
DA:247,0
DA:248,0
DA:249,0
DA:252,0
DA:253,0
DA:255,0
DA:256,0
DA:260,0
DA:261,0
DA:262,0
DA:265,0
DA:266,0
DA:267,0
DA:268,0
DA:269,0
DA:271,0
DA:274,0
DA:275,0
DA:276,0
DA:278,0
DA:280,0
DA:281,0
LF:132
LH:0
end_of_record
SF:lib/src/widgets/radio/ds_radio_tile.widget.dart
DA:14,0
DA:22,0
DA:46,0
DA:48,0
DA:49,0
DA:52,0
DA:53,0
DA:54,0
DA:55,0
DA:56,0
DA:57,0
DA:59,0
DA:60,0
LF:13
LH:0
end_of_record
SF:lib/src/controllers/chat/ds_audio_message_bubble.controller.dart
DA:14,0
DA:15,0
DA:16,0
DA:17,0
DA:18,0
DA:19,0
DA:22,0
DA:23,0
DA:24,0
DA:26,0
DA:28,0
DA:37,0
LF:12
LH:0
end_of_record
SF:lib/src/controllers/chat/ds_file_message_bubble.controller.dart
DA:14,0
DA:15,0
DA:18,0
DA:20,0
DA:21,0
DA:24,0
DA:25,0
DA:28,0
DA:32,0
DA:33,0
DA:35,0
DA:36,0
DA:42,0
DA:44,0
DA:45,0
DA:47,0
DA:48,0
DA:51,0
DA:55,0
DA:59,0
DA:61,0
DA:63,0
DA:65,0
DA:70,0
DA:74,0
LF:25
LH:0
end_of_record
SF:lib/src/controllers/chat/ds_image_message_bubble.controller.dart
DA:7,0
DA:8,0
DA:11,0
DA:12,0
DA:13,0
DA:14,0
LF:6
LH:0
end_of_record
SF:lib/src/controllers/chat/ds_text_message_bubble.controller.dart
DA:6,0
DA:7,0
LF:2
LH:0
end_of_record
SF:lib/src/controllers/chat/ds_url_preview.controller.dart
DA:10,0
DA:11,0
DA:13,0
DA:14,0
DA:16,0
DA:18,0
DA:21,0
DA:23,0
DA:28,0
DA:29,0
DA:30,0
LF:11
LH:0
end_of_record
SF:lib/src/widgets/buttons/ds_button.widget.dart
DA:22,1
DA:35,1
DA:37,1
DA:39,1
DA:40,3
DA:41,1
DA:42,1
DA:43,1
DA:44,1
DA:51,1
DA:52,1
DA:53,1
DA:54,1
DA:56,1
DA:57,2
DA:60,1
DA:61,1
DA:63,1
DA:69,1
DA:70,2
DA:72,1
DA:73,1
DA:75,1
DA:76,1
DA:77,1
DA:80,1
DA:83,1
DA:84,2
DA:85,1
DA:86,1
DA:91,1
DA:92,1
DA:93,3
DA:97,1
DA:98,1
DA:99,2
DA:100,1
DA:101,1
DA:102,1
DA:103,1
DA:110,1
DA:111,1
DA:112,3
DA:116,1
DA:117,2
DA:119,3
DA:122,1
DA:123,4
DA:124,2
LF:49
LH:49
end_of_record
SF:lib/src/themes/texts/styles/ds_text_style.theme.dart
DA:8,8
DA:14,2
LF:2
LH:2
end_of_record
SF:lib/src/widgets/buttons/ds_pause_button.widget.dart
DA:7,1
DA:8,1
DA:10,1
DA:12,1
DA:14,1
DA:16,1
DA:17,1
DA:18,1
DA:22,1
DA:26,1
DA:27,1
DA:30,1
DA:31,1
LF:13
LH:13
end_of_record
SF:lib/src/widgets/buttons/ds_play_button.widget.dart
DA:8,1
DA:9,1
DA:11,1
DA:13,1
DA:15,2
DA:16,1
DA:20,1
DA:25,1
LF:8
LH:8
end_of_record
SF:lib/src/widgets/chat/audio/ds_audio_seek_bar.widget.dart
DA:14,0
DA:23,0
DA:25,0
DA:26,0
DA:34,0
DA:36,0
DA:37,0
DA:38,0
DA:39,0
DA:40,0
DA:41,0
DA:46,0
DA:47,0
DA:49,0
DA:50,0
DA:51,0
DA:53,0
DA:57,0
DA:58,0
DA:60,0
DA:61,0
DA:62,0
DA:63,0
DA:70,0
DA:71,0
DA:73,0
DA:74,0
DA:76,0
DA:79,0
DA:86,0
DA:88,0
DA:89,0
DA:90,0
DA:91,0
DA:92,0
DA:93,0
DA:96,0
DA:97,0
DA:98,0
DA:101,0
DA:102,0
DA:103,0
DA:111,0
DA:112,0
DA:113,0
DA:114,0
DA:116,0
DA:117,0
DA:118,0
DA:119,0
DA:120,0
DA:121,0
DA:130,0
DA:133,0
LF:54
LH:0
end_of_record
SF:lib/src/widgets/chat/audio/ds_audio_speed_button.widget.dart
DA:10,0
DA:16,0
DA:18,0
DA:20,0
DA:23,0
DA:24,0
DA:25,0
DA:28,0
DA:30,0
DA:32,0
DA:34,0
DA:35,0
DA:36,0
LF:13
LH:0
end_of_record
SF:lib/src/widgets/chat/ds_message_bubble_detail.widget.dart
DA:12,0
DA:17,0
DA:19,0
DA:21,0
DA:22,0
DA:25,0
DA:26,0
DA:28,0
DA:29,0
DA:30,0
DA:31,0
DA:36,0
DA:37,0
LF:13
LH:0
end_of_record
SF:lib/src/widgets/chat/typing/ds_typing_dot.widget.dart
DA:10,0
DA:14,0
DA:16,0
DA:18,0
DA:19,0
DA:21,0
DA:23,0
DA:24,0
LF:8
LH:0
end_of_record
SF:lib/src/widgets/switch/ds_switch_base.widget.dart
DA:4,0
DA:9,0
LF:2
LH:0
end_of_record
SF:lib/src/widgets/texts/ds_text.widget.dart
DA:21,2
DA:35,0
DA:49,2
DA:53,2
DA:54,2
DA:55,1
DA:56,1
DA:57,1
DA:58,1
DA:60,0
DA:61,0
DA:62,0
DA:63,0
DA:64,0
DA:68,4
DA:71,2
DA:72,2
DA:75,2
DA:76,2
DA:77,2
DA:78,2
DA:79,2
LF:22
LH:16
end_of_record
